<?xml version="1.0" encoding="UTF-8"?><testsuite errors="1" failures="0" name="StartSharp" skipped="0" tests="1" time="8.29" timestamp="2022-05-09 08:04:01"><testcase name="sign in startSharp and create business unit, meeting"><error message="Arity mismatch: Step Definition 'co.com.reto.tecnico.stepdefinitions.StartSharpStepDefinitions.heCreateTheBusinessUnitAndAsociateWithNewMeeting(BusinessUnit&gt;,MeetingModel&gt;) in file:/C:/Users/cavendanoc/Documents/reto_tecnico/reto_tecnico/build/classes/java/test/' with pattern [^he create the business unit and asociate with new meeting$] is declared with 2 parameters. However, the gherkin step has 1 arguments [Table:[[strName, strParentUnit, NameMee, NumberMee], [business-cristian, Administration, TestMeeting, abc123]]]. &#10;Step text: he create the business unit and asociate with new meeting" type="cucumber.runtime.CucumberException">Arity mismatch: Step Definition 'co.com.reto.tecnico.stepdefinitions.StartSharpStepDefinitions.heCreateTheBusinessUnitAndAsociateWithNewMeeting(BusinessUnit&gt;,MeetingModel&gt;) in file:/C:/Users/cavendanoc/Documents/reto_tecnico/reto_tecnico/build/classes/java/test/' with pattern [^he create the business unit and asociate with new meeting$] is declared with 2 parameters. However, the gherkin step has 1 arguments [Table:[[strName, strParentUnit, NameMee, NumberMee], [business-cristian, Administration, TestMeeting, abc123]]]. 
Step text: he create the business unit and asociate with new meeting</error><system-err>Arity mismatch: Step Definition 'co.com.reto.tecnico.stepdefinitions.StartSharpStepDefinitions.heCreateTheBusinessUnitAndAsociateWithNewMeeting(BusinessUnit&gt;,MeetingModel&gt;) in file:/C:/Users/cavendanoc/Documents/reto_tecnico/reto_tecnico/build/classes/java/test/' with pattern [^he create the business unit and asociate with new meeting$] is declared with 2 parameters. However, the gherkin step has 1 arguments [Table:[[strName, strParentUnit, NameMee, NumberMee], [business-cristian, Administration, TestMeeting, abc123]]]. 
Step text: he create the business unit and asociate with new meeting&#13;
cucumber.runner.Runner.runPickle(Runner.java:80)&#13;
</system-err></testcase></testsuite>